<?xml version="1.0" encoding="UTF-8"?>
<testng-results skipped="0" failed="1" ignored="0" total="2" passed="1">
  <reporter-output>
    <line>
      <![CDATA[*********************************************Email Sent******************************************************]]>
    </line>
  </reporter-output>
  <suite name="Default suite" duration-ms="18069" started-at="2020-01-08T17:15:49 IST" finished-at="2020-01-08T17:16:07 IST">
    <groups>
    </groups>
    <test name="Default test" duration-ms="18069" started-at="2020-01-08T17:15:49 IST" finished-at="2020-01-08T17:16:07 IST">
      <class name="testcases.UserManagementModule_Test_Cases">
        <test-method status="PASS" signature="beforetest()[pri:0, instance:testcases.UserManagementModule_Test_Cases@57e1b0c]" name="beforetest" is-config="true" duration-ms="161" started-at="2020-01-08T17:15:49 IST" finished-at="2020-01-08T17:15:49 IST">
          <reporter-output>
          </reporter-output>
        </test-method> <!-- beforetest -->
        <test-method status="PASS" signature="launchbrowser()[pri:0, instance:testcases.UserManagementModule_Test_Cases@57e1b0c]" name="launchbrowser" is-config="true" duration-ms="4940" started-at="2020-01-08T17:15:49 IST" finished-at="2020-01-08T17:15:54 IST">
          <reporter-output>
          </reporter-output>
        </test-method> <!-- launchbrowser -->
        <test-method status="PASS" signature="verfiylogin()[pri:0, instance:testcases.UserManagementModule_Test_Cases@57e1b0c]" name="verfiylogin" duration-ms="2400" started-at="2020-01-08T17:15:54 IST" finished-at="2020-01-08T17:15:56 IST">
          <reporter-output>
          </reporter-output>
        </test-method> <!-- verfiylogin -->
        <test-method status="PASS" signature="teardown(org.testng.ITestResult)[pri:0, instance:testcases.UserManagementModule_Test_Cases@57e1b0c]" name="teardown" is-config="true" duration-ms="131" started-at="2020-01-08T17:15:56 IST" finished-at="2020-01-08T17:15:57 IST">
          <params>
            <param index="0">
              <value>
                <![CDATA[[TestResult name=verfiylogin status=SUCCESS method=UserManagementModule_Test_Cases.verfiylogin()[pri:0, instance:testcases.UserManagementModule_Test_Cases@57e1b0c] output={null}]]]>
              </value>
            </param>
          </params>
          <reporter-output>
          </reporter-output>
        </test-method> <!-- teardown -->
        <test-method status="PASS" signature="launchbrowser()[pri:0, instance:testcases.UserManagementModule_Test_Cases@57e1b0c]" name="launchbrowser" is-config="true" duration-ms="4229" started-at="2020-01-08T17:15:57 IST" finished-at="2020-01-08T17:16:01 IST">
          <reporter-output>
          </reporter-output>
        </test-method> <!-- launchbrowser -->
        <test-method status="FAIL" signature="verifyclickonusermanagement()[pri:1, instance:testcases.UserManagementModule_Test_Cases@57e1b0c]" name="verifyclickonusermanagement" duration-ms="5220" started-at="2020-01-08T17:16:01 IST" finished-at="2020-01-08T17:16:06 IST">
          <exception class="java.lang.AssertionError">
            <message>
              <![CDATA[expected [https://payqngapp.com/Dashboard/Admin/ur.php] but found [https://payqngapp.com/Dashboard/Admin/user.php]]]>
            </message>
            <full-stacktrace>
              <![CDATA[java.lang.AssertionError: expected [https://payqngapp.com/Dashboard/Admin/ur.php] but found [https://payqngapp.com/Dashboard/Admin/user.php]
at org.testng.Assert.fail(Assert.java:97)
at org.testng.Assert.assertEqualsImpl(Assert.java:136)
at org.testng.Assert.assertEquals(Assert.java:118)
at org.testng.Assert.assertEquals(Assert.java:575)
at org.testng.Assert.assertEquals(Assert.java:585)
at testcases.UserManagementModule_Test_Cases.verifyclickonusermanagement(UserManagementModule_Test_Cases.java:44)
at sun.reflect.NativeMethodAccessorImpl.invoke0(Native Method)
at sun.reflect.NativeMethodAccessorImpl.invoke(NativeMethodAccessorImpl.java:62)
at sun.reflect.DelegatingMethodAccessorImpl.invoke(DelegatingMethodAccessorImpl.java:43)
at java.lang.reflect.Method.invoke(Method.java:498)
at org.testng.internal.MethodInvocationHelper.invokeMethod(MethodInvocationHelper.java:133)
at org.testng.internal.TestInvoker.invokeMethod(TestInvoker.java:584)
at org.testng.internal.TestInvoker.invokeTestMethod(TestInvoker.java:172)
at org.testng.internal.MethodRunner.runInSequence(MethodRunner.java:46)
at org.testng.internal.TestInvoker$MethodInvocationAgent.invoke(TestInvoker.java:804)
at org.testng.internal.TestInvoker.invokeTestMethods(TestInvoker.java:145)
at org.testng.internal.TestMethodWorker.invokeTestMethods(TestMethodWorker.java:146)
at org.testng.internal.TestMethodWorker.run(TestMethodWorker.java:128)
at java.util.ArrayList.forEach(ArrayList.java:1257)
at org.testng.TestRunner.privateRun(TestRunner.java:770)
at org.testng.TestRunner.run(TestRunner.java:591)
at org.testng.SuiteRunner.runTest(SuiteRunner.java:402)
at org.testng.SuiteRunner.runSequentially(SuiteRunner.java:396)
at org.testng.SuiteRunner.privateRun(SuiteRunner.java:355)
at org.testng.SuiteRunner.run(SuiteRunner.java:304)
at org.testng.SuiteRunnerWorker.runSuite(SuiteRunnerWorker.java:53)
at org.testng.SuiteRunnerWorker.run(SuiteRunnerWorker.java:96)
at org.testng.TestNG.runSuitesSequentially(TestNG.java:1180)
at org.testng.TestNG.runSuitesLocally(TestNG.java:1102)
at org.testng.TestNG.runSuites(TestNG.java:1032)
at org.testng.TestNG.run(TestNG.java:1000)
at org.testng.remote.AbstractRemoteTestNG.run(AbstractRemoteTestNG.java:115)
at org.testng.remote.RemoteTestNG.initAndRun(RemoteTestNG.java:251)
at org.testng.remote.RemoteTestNG.main(RemoteTestNG.java:77)
]]>
            </full-stacktrace>
          </exception> <!-- java.lang.AssertionError -->
          <reporter-output>
          </reporter-output>
        </test-method> <!-- verifyclickonusermanagement -->
        <test-method status="PASS" signature="teardown(org.testng.ITestResult)[pri:0, instance:testcases.UserManagementModule_Test_Cases@57e1b0c]" name="teardown" is-config="true" duration-ms="521" started-at="2020-01-08T17:16:06 IST" finished-at="2020-01-08T17:16:07 IST">
          <params>
            <param index="0">
              <value>
                <![CDATA[[TestResult name=verifyclickonusermanagement status=FAILURE method=UserManagementModule_Test_Cases.verifyclickonusermanagement()[pri:1, instance:testcases.UserManagementModule_Test_Cases@57e1b0c] output={null}]]]>
              </value>
            </param>
          </params>
          <reporter-output>
          </reporter-output>
        </test-method> <!-- teardown -->
        <test-method status="PASS" signature="afterextentreport()[pri:0, instance:testcases.UserManagementModule_Test_Cases@57e1b0c]" name="afterextentreport" is-config="true" duration-ms="420" started-at="2020-01-08T17:16:07 IST" finished-at="2020-01-08T17:16:07 IST">
          <reporter-output>
          </reporter-output>
        </test-method> <!-- afterextentreport -->
        <test-method status="PASS" signature="after_suite()[pri:0, instance:testcases.UserManagementModule_Test_Cases@57e1b0c]" name="after_suite" is-config="true" duration-ms="14111" started-at="2020-01-08T17:16:12 IST" finished-at="2020-01-08T17:16:26 IST">
          <reporter-output>
            <line>
              <![CDATA[*********************************************Email Sent******************************************************]]>
            </line>
          </reporter-output>
        </test-method> <!-- after_suite -->
      </class> <!-- testcases.UserManagementModule_Test_Cases -->
    </test> <!-- Default test -->
  </suite> <!-- Default suite -->
</testng-results>
